<?xml version="1.0" encoding="UTF-8"?>
<!-- Generated by org.testng.reporters.JUnitReportReporter -->
<testsuite hostname="DESKTOP-76BMPRR" failures="0" tests="1" name="testSqlDB" time="0.752" errors="0" timestamp="2021-12-27T22:50:05 IST" skipped="0">
  <testcase classname="testSqlDB" name="test" time="0.752"/>
  <system-out/>
</testsuite> <!-- testSqlDB -->
